[Tue Sep 13 21:40:46.227449 2016] [ssl:warn] [pid 6984:tid 540] AH01909: localhost:443:0 server certificate does NOT include an ID which matches the server name
[Tue Sep 13 21:40:46.774344 2016] [ssl:warn] [pid 6984:tid 540] AH01909: localhost:443:0 server certificate does NOT include an ID which matches the server name
[Tue Sep 13 21:40:50.586994 2016] [mpm_winnt:notice] [pid 6984:tid 540] AH00455: Apache/2.4.23 (Win32) OpenSSL/1.0.2h PHP/5.6.25 configured -- resuming normal operations
[Tue Sep 13 21:40:50.586994 2016] [mpm_winnt:notice] [pid 6984:tid 540] AH00456: Apache Lounge VC11 Server built: Jul  7 2016 11:13:22
[Tue Sep 13 21:40:50.586994 2016] [core:notice] [pid 6984:tid 540] AH00094: Command line: 'C:\\Users\\TANBOO~1\\Desktop\\SHARES~1\\NEWFOL~1\\apache2\\bin\\httpd.exe -d C:/Users/Tan Boon Joon/Desktop/shareStuff_cs2102/New folder/apache2 -f C:\\Users\\TANBOO~1\\Desktop\\SHARES~1\\NEWFOL~1\\apache2\\conf\\httpd.conf'
[Tue Sep 13 21:40:50.602619 2016] [mpm_winnt:notice] [pid 6984:tid 540] AH00418: Parent: Created child process 10004
[Tue Sep 13 21:40:52.282174 2016] [ssl:warn] [pid 10004:tid 416] AH01909: localhost:443:0 server certificate does NOT include an ID which matches the server name
[Tue Sep 13 21:40:52.641565 2016] [ssl:warn] [pid 10004:tid 416] AH01909: localhost:443:0 server certificate does NOT include an ID which matches the server name
[Tue Sep 13 21:40:52.750945 2016] [mpm_winnt:notice] [pid 10004:tid 416] AH00354: Child: Starting 64 worker threads.
[Tue Sep 13 21:41:04.885137 2016] [mpm_winnt:notice] [pid 6984:tid 540] AH00422: Parent: Received shutdown signal -- Shutting down the server.
[Tue Sep 13 21:41:06.916526 2016] [mpm_winnt:notice] [pid 10004:tid 416] AH00364: Child: All worker threads have exited.
[Tue Sep 13 21:41:07.041472 2016] [mpm_winnt:notice] [pid 6984:tid 540] AH00430: Parent: Child process 10004 exited successfully.
[Tue Sep 13 21:44:53.026272 2016] [ssl:warn] [pid 8608:tid 548] AH01909: localhost:443:0 server certificate does NOT include an ID which matches the server name
[Tue Sep 13 21:44:53.510660 2016] [ssl:warn] [pid 8608:tid 548] AH01909: localhost:443:0 server certificate does NOT include an ID which matches the server name
[Tue Sep 13 21:44:53.635666 2016] [mpm_winnt:notice] [pid 8608:tid 548] AH00455: Apache/2.4.23 (Win32) OpenSSL/1.0.2h PHP/5.6.25 configured -- resuming normal operations
[Tue Sep 13 21:44:53.635666 2016] [mpm_winnt:notice] [pid 8608:tid 548] AH00456: Apache Lounge VC11 Server built: Jul  7 2016 11:13:22
[Tue Sep 13 21:44:53.635666 2016] [core:notice] [pid 8608:tid 548] AH00094: Command line: 'C:\\Users\\TANBOO~1\\Desktop\\SHARES~1\\NEWFOL~1\\apache2\\bin\\httpd.exe -d C:/Users/Tan Boon Joon/Desktop/shareStuff_cs2102/New folder/apache2 -f C:\\Users\\TANBOO~1\\Desktop\\SHARES~1\\NEWFOL~1\\apache2\\conf\\httpd.conf'
[Tue Sep 13 21:44:53.635666 2016] [mpm_winnt:notice] [pid 8608:tid 548] AH00418: Parent: Created child process 3416
[Tue Sep 13 21:44:55.183243 2016] [ssl:warn] [pid 3416:tid 448] AH01909: localhost:443:0 server certificate does NOT include an ID which matches the server name
[Tue Sep 13 21:44:55.529064 2016] [ssl:warn] [pid 3416:tid 448] AH01909: localhost:443:0 server certificate does NOT include an ID which matches the server name
[Tue Sep 13 21:44:55.591567 2016] [mpm_winnt:notice] [pid 3416:tid 448] AH00354: Child: Starting 64 worker threads.
[Tue Sep 13 21:45:14.625123 2016] [:error] [pid 3416:tid 1172] [client ::1:51079] PHP Warning:  pg_connect(): Unable to connect to PostgreSQL server: FATAL:  database &quot;shareStuff&quot; does not exist in C:\\Users\\Tan Boon Joon\\Desktop\\shareStuff_cs2102\\New folder\\apache2\\htdocs\\dbconnect.php on line 7
[Tue Sep 13 21:52:33.562190 2016] [:error] [pid 3416:tid 1144] [client ::1:51219] PHP Warning:  pg_query(): Query failed: ERROR:  relation &quot;users&quot; already exists in C:\\Users\\Tan Boon Joon\\Desktop\\shareStuff_cs2102\\New folder\\apache2\\htdocs\\Create-User.php on line 22, referer: http://localhost:81/index.php
[Tue Sep 13 21:52:45.070133 2016] [:error] [pid 3416:tid 1144] [client ::1:51219] PHP Notice:  Undefined offset: 4 in C:\\Users\\Tan Boon Joon\\Desktop\\shareStuff_cs2102\\New folder\\apache2\\htdocs\\Login.php on line 22, referer: http://localhost:81/login.php
